[2023-05-31T19:47:24.212+0000] {taskinstance.py:1083} INFO - Dependencies all met for <TaskInstance: extract_dag.extract_task manual__2023-05-31T19:47:20.306062+00:00 [queued]>
[2023-05-31T19:47:24.218+0000] {taskinstance.py:1083} INFO - Dependencies all met for <TaskInstance: extract_dag.extract_task manual__2023-05-31T19:47:20.306062+00:00 [queued]>
[2023-05-31T19:47:24.219+0000] {taskinstance.py:1279} INFO - 
--------------------------------------------------------------------------------
[2023-05-31T19:47:24.219+0000] {taskinstance.py:1280} INFO - Starting attempt 1 of 1
[2023-05-31T19:47:24.219+0000] {taskinstance.py:1281} INFO - 
--------------------------------------------------------------------------------
[2023-05-31T19:47:24.257+0000] {taskinstance.py:1300} INFO - Executing <Task(BashOperator): extract_task> on 2023-05-31 19:47:20.306062+00:00
[2023-05-31T19:47:24.259+0000] {standard_task_runner.py:55} INFO - Started process 45400 to run task
[2023-05-31T19:47:24.263+0000] {standard_task_runner.py:82} INFO - Running: ['airflow', 'tasks', 'run', 'extract_dag', 'extract_task', 'manual__2023-05-31T19:47:20.306062+00:00', '--job-id', '8', '--raw', '--subdir', 'DAGS_FOLDER/extract_dag.py', '--cfg-path', '/tmp/tmp1bd_oxgb']
[2023-05-31T19:47:24.265+0000] {standard_task_runner.py:83} INFO - Job 8: Subtask extract_task
[2023-05-31T19:47:24.324+0000] {task_command.py:388} INFO - Running <TaskInstance: extract_dag.extract_task manual__2023-05-31T19:47:20.306062+00:00 [running]> on host codespaces-489347
[2023-05-31T19:47:24.419+0000] {taskinstance.py:1507} INFO - Exporting the following env vars:
AIRFLOW_CTX_DAG_OWNER=airflow
AIRFLOW_CTX_DAG_ID=extract_dag
AIRFLOW_CTX_TASK_ID=extract_task
AIRFLOW_CTX_EXECUTION_DATE=2023-05-31T19:47:20.306062+00:00
AIRFLOW_CTX_TRY_NUMBER=1
AIRFLOW_CTX_DAG_RUN_ID=manual__2023-05-31T19:47:20.306062+00:00
[2023-05-31T19:47:24.420+0000] {subprocess.py:63} INFO - Tmp dir root location: 
 /tmp
[2023-05-31T19:47:24.421+0000] {subprocess.py:75} INFO - Running command: ['/usr/bin/bash', '-c', 'wget -c https://datahub.io/core/top-level-domain-names/r/top-level-domain-names.csv.csv -O /workspaces/hands-on-introduction-data-engineering-4395021//lab/manual/manual-extract-data.csv']
[2023-05-31T19:47:24.426+0000] {subprocess.py:86} INFO - Output:
[2023-05-31T19:47:24.430+0000] {subprocess.py:93} INFO - --2023-05-31 19:47:24--  https://datahub.io/core/top-level-domain-names/r/top-level-domain-names.csv.csv
[2023-05-31T19:47:24.706+0000] {subprocess.py:93} INFO - Resolving datahub.io (datahub.io)... 104.21.40.221, 172.67.157.38, 2606:4700:3030::ac43:9d26, ...
[2023-05-31T19:47:24.708+0000] {subprocess.py:93} INFO - Connecting to datahub.io (datahub.io)|104.21.40.221|:443... connected.
[2023-05-31T19:47:26.237+0000] {subprocess.py:93} INFO - HTTP request sent, awaiting response... 302 Found
[2023-05-31T19:47:26.237+0000] {subprocess.py:93} INFO - Location: https://pkgstore.datahub.io/core/top-level-domain-names/top-level-domain-names.csv_csv/data/667f4464088f3ca10522e0e2e39c8ae4/top-level-domain-names.csv_csv.csv [following]
[2023-05-31T19:47:26.238+0000] {subprocess.py:93} INFO - --2023-05-31 19:47:26--  https://pkgstore.datahub.io/core/top-level-domain-names/top-level-domain-names.csv_csv/data/667f4464088f3ca10522e0e2e39c8ae4/top-level-domain-names.csv_csv.csv
[2023-05-31T19:47:26.248+0000] {subprocess.py:93} INFO - Resolving pkgstore.datahub.io (pkgstore.datahub.io)... 172.67.157.38, 104.21.40.221, 2606:4700:3030::ac43:9d26, ...
[2023-05-31T19:47:26.251+0000] {subprocess.py:93} INFO - Connecting to pkgstore.datahub.io (pkgstore.datahub.io)|172.67.157.38|:443... connected.
[2023-05-31T19:47:26.324+0000] {subprocess.py:93} INFO - HTTP request sent, awaiting response... 200 OK
[2023-05-31T19:47:26.325+0000] {subprocess.py:93} INFO - Length: unspecified [text/plain]
[2023-05-31T19:47:26.325+0000] {subprocess.py:93} INFO - Saving to: ‘/workspaces/hands-on-introduction-data-engineering-4395021//lab/manual/manual-extract-data.csv’
[2023-05-31T19:47:26.327+0000] {subprocess.py:93} INFO - 
[2023-05-31T19:47:26.327+0000] {subprocess.py:93} INFO -      0K .......... .......... .......... .......... ..         21.4M=0.002s
[2023-05-31T19:47:26.327+0000] {subprocess.py:93} INFO - 
[2023-05-31T19:47:26.328+0000] {subprocess.py:93} INFO - 2023-05-31 19:47:26 (21.4 MB/s) - ‘/workspaces/hands-on-introduction-data-engineering-4395021//lab/manual/manual-extract-data.csv’ saved [43709]
[2023-05-31T19:47:26.328+0000] {subprocess.py:93} INFO - 
[2023-05-31T19:47:26.328+0000] {subprocess.py:97} INFO - Command exited with return code 0
[2023-05-31T19:47:26.393+0000] {taskinstance.py:1318} INFO - Marking task as SUCCESS. dag_id=extract_dag, task_id=extract_task, execution_date=20230531T194720, start_date=20230531T194724, end_date=20230531T194726
[2023-05-31T19:47:26.441+0000] {local_task_job.py:208} INFO - Task exited with return code 0
[2023-05-31T19:47:26.452+0000] {taskinstance.py:2578} INFO - 0 downstream tasks scheduled from follow-on schedule check
