[2023-05-31T19:25:57.419+0000] {processor.py:153} INFO - Started process (PID=36753) to work on /workspaces/hands-on-introduction-data-engineering-4395021/airflow/dags/extract_dag.py
[2023-05-31T19:25:57.420+0000] {processor.py:743} INFO - Processing file /workspaces/hands-on-introduction-data-engineering-4395021/airflow/dags/extract_dag.py for tasks to queue
[2023-05-31T19:25:57.420+0000] {logging_mixin.py:137} INFO - [2023-05-31T19:25:57.420+0000] {dagbag.py:538} INFO - Filling up the DagBag from /workspaces/hands-on-introduction-data-engineering-4395021/airflow/dags/extract_dag.py
[2023-05-31T19:25:57.423+0000] {logging_mixin.py:137} INFO - [2023-05-31T19:25:57.422+0000] {dagbag.py:343} ERROR - Failed to import: /workspaces/hands-on-introduction-data-engineering-4395021/airflow/dags/extract_dag.py
Traceback (most recent call last):
  File "/usr/local/python/3.10.4/lib/python3.10/site-packages/airflow/models/dagbag.py", line 339, in parse
    loader.exec_module(new_module)
  File "<frozen importlib._bootstrap_external>", line 879, in exec_module
  File "<frozen importlib._bootstrap_external>", line 1017, in get_code
  File "<frozen importlib._bootstrap_external>", line 947, in source_to_code
  File "<frozen importlib._bootstrap>", line 241, in _call_with_frames_removed
  File "/workspaces/hands-on-introduction-data-engineering-4395021/airflow/dags/extract_dag.py", line 7
    start_date=datetime(2023, 05, 30),
                              ^
SyntaxError: leading zeros in decimal integer literals are not permitted; use an 0o prefix for octal integers
[2023-05-31T19:25:57.424+0000] {processor.py:755} WARNING - No viable dags retrieved from /workspaces/hands-on-introduction-data-engineering-4395021/airflow/dags/extract_dag.py
[2023-05-31T19:25:57.469+0000] {processor.py:175} INFO - Processing /workspaces/hands-on-introduction-data-engineering-4395021/airflow/dags/extract_dag.py took 0.054 seconds
[2023-05-31T19:26:27.866+0000] {processor.py:153} INFO - Started process (PID=36945) to work on /workspaces/hands-on-introduction-data-engineering-4395021/airflow/dags/extract_dag.py
[2023-05-31T19:26:27.867+0000] {processor.py:743} INFO - Processing file /workspaces/hands-on-introduction-data-engineering-4395021/airflow/dags/extract_dag.py for tasks to queue
[2023-05-31T19:26:27.868+0000] {logging_mixin.py:137} INFO - [2023-05-31T19:26:27.867+0000] {dagbag.py:538} INFO - Filling up the DagBag from /workspaces/hands-on-introduction-data-engineering-4395021/airflow/dags/extract_dag.py
[2023-05-31T19:26:27.870+0000] {logging_mixin.py:137} INFO - [2023-05-31T19:26:27.869+0000] {dagbag.py:343} ERROR - Failed to import: /workspaces/hands-on-introduction-data-engineering-4395021/airflow/dags/extract_dag.py
Traceback (most recent call last):
  File "/usr/local/python/3.10.4/lib/python3.10/site-packages/airflow/models/dagbag.py", line 339, in parse
    loader.exec_module(new_module)
  File "<frozen importlib._bootstrap_external>", line 879, in exec_module
  File "<frozen importlib._bootstrap_external>", line 1017, in get_code
  File "<frozen importlib._bootstrap_external>", line 947, in source_to_code
  File "<frozen importlib._bootstrap>", line 241, in _call_with_frames_removed
  File "/workspaces/hands-on-introduction-data-engineering-4395021/airflow/dags/extract_dag.py", line 7
    start_date=datetime(2023, 05, 30),
                              ^
SyntaxError: leading zeros in decimal integer literals are not permitted; use an 0o prefix for octal integers
[2023-05-31T19:26:27.870+0000] {processor.py:755} WARNING - No viable dags retrieved from /workspaces/hands-on-introduction-data-engineering-4395021/airflow/dags/extract_dag.py
[2023-05-31T19:26:27.910+0000] {processor.py:175} INFO - Processing /workspaces/hands-on-introduction-data-engineering-4395021/airflow/dags/extract_dag.py took 0.047 seconds
[2023-05-31T19:26:35.799+0000] {processor.py:153} INFO - Started process (PID=37004) to work on /workspaces/hands-on-introduction-data-engineering-4395021/airflow/dags/extract_dag.py
[2023-05-31T19:26:35.800+0000] {processor.py:743} INFO - Processing file /workspaces/hands-on-introduction-data-engineering-4395021/airflow/dags/extract_dag.py for tasks to queue
[2023-05-31T19:26:35.801+0000] {logging_mixin.py:137} INFO - [2023-05-31T19:26:35.801+0000] {dagbag.py:538} INFO - Filling up the DagBag from /workspaces/hands-on-introduction-data-engineering-4395021/airflow/dags/extract_dag.py
[2023-05-31T19:26:35.803+0000] {logging_mixin.py:137} INFO - [2023-05-31T19:26:35.802+0000] {dagbag.py:343} ERROR - Failed to import: /workspaces/hands-on-introduction-data-engineering-4395021/airflow/dags/extract_dag.py
Traceback (most recent call last):
  File "/usr/local/python/3.10.4/lib/python3.10/site-packages/airflow/models/dagbag.py", line 339, in parse
    loader.exec_module(new_module)
  File "<frozen importlib._bootstrap_external>", line 879, in exec_module
  File "<frozen importlib._bootstrap_external>", line 1017, in get_code
  File "<frozen importlib._bootstrap_external>", line 947, in source_to_code
  File "<frozen importlib._bootstrap>", line 241, in _call_with_frames_removed
  File "/workspaces/hands-on-introduction-data-engineering-4395021/airflow/dags/extract_dag.py", line 7
    start_date=datetime(2023, 05, 30),
                              ^
SyntaxError: leading zeros in decimal integer literals are not permitted; use an 0o prefix for octal integers
[2023-05-31T19:26:35.804+0000] {processor.py:755} WARNING - No viable dags retrieved from /workspaces/hands-on-introduction-data-engineering-4395021/airflow/dags/extract_dag.py
[2023-05-31T19:26:35.845+0000] {processor.py:175} INFO - Processing /workspaces/hands-on-introduction-data-engineering-4395021/airflow/dags/extract_dag.py took 0.049 seconds
[2023-05-31T19:27:06.926+0000] {processor.py:153} INFO - Started process (PID=37191) to work on /workspaces/hands-on-introduction-data-engineering-4395021/airflow/dags/extract_dag.py
[2023-05-31T19:27:06.927+0000] {processor.py:743} INFO - Processing file /workspaces/hands-on-introduction-data-engineering-4395021/airflow/dags/extract_dag.py for tasks to queue
[2023-05-31T19:27:06.928+0000] {logging_mixin.py:137} INFO - [2023-05-31T19:27:06.928+0000] {dagbag.py:538} INFO - Filling up the DagBag from /workspaces/hands-on-introduction-data-engineering-4395021/airflow/dags/extract_dag.py
[2023-05-31T19:27:06.930+0000] {logging_mixin.py:137} INFO - [2023-05-31T19:27:06.929+0000] {dagbag.py:343} ERROR - Failed to import: /workspaces/hands-on-introduction-data-engineering-4395021/airflow/dags/extract_dag.py
Traceback (most recent call last):
  File "/usr/local/python/3.10.4/lib/python3.10/site-packages/airflow/models/dagbag.py", line 339, in parse
    loader.exec_module(new_module)
  File "<frozen importlib._bootstrap_external>", line 879, in exec_module
  File "<frozen importlib._bootstrap_external>", line 1017, in get_code
  File "<frozen importlib._bootstrap_external>", line 947, in source_to_code
  File "<frozen importlib._bootstrap>", line 241, in _call_with_frames_removed
  File "/workspaces/hands-on-introduction-data-engineering-4395021/airflow/dags/extract_dag.py", line 7
    start_date=datetime(2023, 05, 30),
                              ^
SyntaxError: leading zeros in decimal integer literals are not permitted; use an 0o prefix for octal integers
[2023-05-31T19:27:06.931+0000] {processor.py:755} WARNING - No viable dags retrieved from /workspaces/hands-on-introduction-data-engineering-4395021/airflow/dags/extract_dag.py
[2023-05-31T19:27:06.972+0000] {processor.py:175} INFO - Processing /workspaces/hands-on-introduction-data-engineering-4395021/airflow/dags/extract_dag.py took 0.048 seconds
[2023-05-31T19:27:37.810+0000] {processor.py:153} INFO - Started process (PID=37374) to work on /workspaces/hands-on-introduction-data-engineering-4395021/airflow/dags/extract_dag.py
[2023-05-31T19:27:37.811+0000] {processor.py:743} INFO - Processing file /workspaces/hands-on-introduction-data-engineering-4395021/airflow/dags/extract_dag.py for tasks to queue
[2023-05-31T19:27:37.812+0000] {logging_mixin.py:137} INFO - [2023-05-31T19:27:37.812+0000] {dagbag.py:538} INFO - Filling up the DagBag from /workspaces/hands-on-introduction-data-engineering-4395021/airflow/dags/extract_dag.py
[2023-05-31T19:27:37.814+0000] {logging_mixin.py:137} INFO - [2023-05-31T19:27:37.813+0000] {dagbag.py:343} ERROR - Failed to import: /workspaces/hands-on-introduction-data-engineering-4395021/airflow/dags/extract_dag.py
Traceback (most recent call last):
  File "/usr/local/python/3.10.4/lib/python3.10/site-packages/airflow/models/dagbag.py", line 339, in parse
    loader.exec_module(new_module)
  File "<frozen importlib._bootstrap_external>", line 879, in exec_module
  File "<frozen importlib._bootstrap_external>", line 1017, in get_code
  File "<frozen importlib._bootstrap_external>", line 947, in source_to_code
  File "<frozen importlib._bootstrap>", line 241, in _call_with_frames_removed
  File "/workspaces/hands-on-introduction-data-engineering-4395021/airflow/dags/extract_dag.py", line 7
    start_date=datetime(2023, 05, 30),
                              ^
SyntaxError: leading zeros in decimal integer literals are not permitted; use an 0o prefix for octal integers
[2023-05-31T19:27:37.814+0000] {processor.py:755} WARNING - No viable dags retrieved from /workspaces/hands-on-introduction-data-engineering-4395021/airflow/dags/extract_dag.py
[2023-05-31T19:27:37.856+0000] {processor.py:175} INFO - Processing /workspaces/hands-on-introduction-data-engineering-4395021/airflow/dags/extract_dag.py took 0.050 seconds
[2023-05-31T19:28:08.127+0000] {processor.py:153} INFO - Started process (PID=37556) to work on /workspaces/hands-on-introduction-data-engineering-4395021/airflow/dags/extract_dag.py
[2023-05-31T19:28:08.129+0000] {processor.py:743} INFO - Processing file /workspaces/hands-on-introduction-data-engineering-4395021/airflow/dags/extract_dag.py for tasks to queue
[2023-05-31T19:28:08.129+0000] {logging_mixin.py:137} INFO - [2023-05-31T19:28:08.129+0000] {dagbag.py:538} INFO - Filling up the DagBag from /workspaces/hands-on-introduction-data-engineering-4395021/airflow/dags/extract_dag.py
[2023-05-31T19:28:08.131+0000] {logging_mixin.py:137} INFO - [2023-05-31T19:28:08.131+0000] {dagbag.py:343} ERROR - Failed to import: /workspaces/hands-on-introduction-data-engineering-4395021/airflow/dags/extract_dag.py
Traceback (most recent call last):
  File "/usr/local/python/3.10.4/lib/python3.10/site-packages/airflow/models/dagbag.py", line 339, in parse
    loader.exec_module(new_module)
  File "<frozen importlib._bootstrap_external>", line 879, in exec_module
  File "<frozen importlib._bootstrap_external>", line 1017, in get_code
  File "<frozen importlib._bootstrap_external>", line 947, in source_to_code
  File "<frozen importlib._bootstrap>", line 241, in _call_with_frames_removed
  File "/workspaces/hands-on-introduction-data-engineering-4395021/airflow/dags/extract_dag.py", line 7
    start_date=datetime(2023, 05, 30),
                              ^
SyntaxError: leading zeros in decimal integer literals are not permitted; use an 0o prefix for octal integers
[2023-05-31T19:28:08.132+0000] {processor.py:755} WARNING - No viable dags retrieved from /workspaces/hands-on-introduction-data-engineering-4395021/airflow/dags/extract_dag.py
[2023-05-31T19:28:08.174+0000] {processor.py:175} INFO - Processing /workspaces/hands-on-introduction-data-engineering-4395021/airflow/dags/extract_dag.py took 0.050 seconds
[2023-05-31T19:28:38.828+0000] {processor.py:153} INFO - Started process (PID=37731) to work on /workspaces/hands-on-introduction-data-engineering-4395021/airflow/dags/extract_dag.py
[2023-05-31T19:28:38.829+0000] {processor.py:743} INFO - Processing file /workspaces/hands-on-introduction-data-engineering-4395021/airflow/dags/extract_dag.py for tasks to queue
[2023-05-31T19:28:38.830+0000] {logging_mixin.py:137} INFO - [2023-05-31T19:28:38.829+0000] {dagbag.py:538} INFO - Filling up the DagBag from /workspaces/hands-on-introduction-data-engineering-4395021/airflow/dags/extract_dag.py
[2023-05-31T19:28:38.832+0000] {logging_mixin.py:137} INFO - [2023-05-31T19:28:38.831+0000] {dagbag.py:343} ERROR - Failed to import: /workspaces/hands-on-introduction-data-engineering-4395021/airflow/dags/extract_dag.py
Traceback (most recent call last):
  File "/usr/local/python/3.10.4/lib/python3.10/site-packages/airflow/models/dagbag.py", line 339, in parse
    loader.exec_module(new_module)
  File "<frozen importlib._bootstrap_external>", line 879, in exec_module
  File "<frozen importlib._bootstrap_external>", line 1017, in get_code
  File "<frozen importlib._bootstrap_external>", line 947, in source_to_code
  File "<frozen importlib._bootstrap>", line 241, in _call_with_frames_removed
  File "/workspaces/hands-on-introduction-data-engineering-4395021/airflow/dags/extract_dag.py", line 7
    start_date=datetime(2023, 05, 30),
                              ^
SyntaxError: leading zeros in decimal integer literals are not permitted; use an 0o prefix for octal integers
[2023-05-31T19:28:38.832+0000] {processor.py:755} WARNING - No viable dags retrieved from /workspaces/hands-on-introduction-data-engineering-4395021/airflow/dags/extract_dag.py
[2023-05-31T19:28:38.873+0000] {processor.py:175} INFO - Processing /workspaces/hands-on-introduction-data-engineering-4395021/airflow/dags/extract_dag.py took 0.049 seconds
[2023-05-31T19:29:09.371+0000] {processor.py:153} INFO - Started process (PID=37918) to work on /workspaces/hands-on-introduction-data-engineering-4395021/airflow/dags/extract_dag.py
[2023-05-31T19:29:09.373+0000] {processor.py:743} INFO - Processing file /workspaces/hands-on-introduction-data-engineering-4395021/airflow/dags/extract_dag.py for tasks to queue
[2023-05-31T19:29:09.373+0000] {logging_mixin.py:137} INFO - [2023-05-31T19:29:09.373+0000] {dagbag.py:538} INFO - Filling up the DagBag from /workspaces/hands-on-introduction-data-engineering-4395021/airflow/dags/extract_dag.py
[2023-05-31T19:29:09.375+0000] {logging_mixin.py:137} INFO - [2023-05-31T19:29:09.375+0000] {dagbag.py:343} ERROR - Failed to import: /workspaces/hands-on-introduction-data-engineering-4395021/airflow/dags/extract_dag.py
Traceback (most recent call last):
  File "/usr/local/python/3.10.4/lib/python3.10/site-packages/airflow/models/dagbag.py", line 339, in parse
    loader.exec_module(new_module)
  File "<frozen importlib._bootstrap_external>", line 879, in exec_module
  File "<frozen importlib._bootstrap_external>", line 1017, in get_code
  File "<frozen importlib._bootstrap_external>", line 947, in source_to_code
  File "<frozen importlib._bootstrap>", line 241, in _call_with_frames_removed
  File "/workspaces/hands-on-introduction-data-engineering-4395021/airflow/dags/extract_dag.py", line 7
    start_date=datetime(2023, 05, 30),
                              ^
SyntaxError: leading zeros in decimal integer literals are not permitted; use an 0o prefix for octal integers
[2023-05-31T19:29:09.376+0000] {processor.py:755} WARNING - No viable dags retrieved from /workspaces/hands-on-introduction-data-engineering-4395021/airflow/dags/extract_dag.py
[2023-05-31T19:29:09.416+0000] {processor.py:175} INFO - Processing /workspaces/hands-on-introduction-data-engineering-4395021/airflow/dags/extract_dag.py took 0.048 seconds
[2023-05-31T19:29:36.370+0000] {processor.py:153} INFO - Started process (PID=38079) to work on /workspaces/hands-on-introduction-data-engineering-4395021/airflow/dags/extract_dag.py
[2023-05-31T19:29:36.371+0000] {processor.py:743} INFO - Processing file /workspaces/hands-on-introduction-data-engineering-4395021/airflow/dags/extract_dag.py for tasks to queue
[2023-05-31T19:29:36.372+0000] {logging_mixin.py:137} INFO - [2023-05-31T19:29:36.372+0000] {dagbag.py:538} INFO - Filling up the DagBag from /workspaces/hands-on-introduction-data-engineering-4395021/airflow/dags/extract_dag.py
[2023-05-31T19:29:36.374+0000] {logging_mixin.py:137} INFO - [2023-05-31T19:29:36.373+0000] {dagbag.py:343} ERROR - Failed to import: /workspaces/hands-on-introduction-data-engineering-4395021/airflow/dags/extract_dag.py
Traceback (most recent call last):
  File "/usr/local/python/3.10.4/lib/python3.10/site-packages/airflow/models/dagbag.py", line 339, in parse
    loader.exec_module(new_module)
  File "<frozen importlib._bootstrap_external>", line 879, in exec_module
  File "<frozen importlib._bootstrap_external>", line 1017, in get_code
  File "<frozen importlib._bootstrap_external>", line 947, in source_to_code
  File "<frozen importlib._bootstrap>", line 241, in _call_with_frames_removed
  File "/workspaces/hands-on-introduction-data-engineering-4395021/airflow/dags/extract_dag.py", line 11
    bash_command='wget -c https://datahub.io/core/top-level-domain-names/r/top-level-domain-names.csv.csv -O /
                 ^
SyntaxError: unterminated string literal (detected at line 11)
[2023-05-31T19:29:36.374+0000] {processor.py:755} WARNING - No viable dags retrieved from /workspaces/hands-on-introduction-data-engineering-4395021/airflow/dags/extract_dag.py
[2023-05-31T19:29:36.415+0000] {processor.py:175} INFO - Processing /workspaces/hands-on-introduction-data-engineering-4395021/airflow/dags/extract_dag.py took 0.047 seconds
[2023-05-31T19:29:51.147+0000] {processor.py:153} INFO - Started process (PID=38193) to work on /workspaces/hands-on-introduction-data-engineering-4395021/airflow/dags/extract_dag.py
[2023-05-31T19:29:51.148+0000] {processor.py:743} INFO - Processing file /workspaces/hands-on-introduction-data-engineering-4395021/airflow/dags/extract_dag.py for tasks to queue
[2023-05-31T19:29:51.148+0000] {logging_mixin.py:137} INFO - [2023-05-31T19:29:51.148+0000] {dagbag.py:538} INFO - Filling up the DagBag from /workspaces/hands-on-introduction-data-engineering-4395021/airflow/dags/extract_dag.py
[2023-05-31T19:29:51.151+0000] {logging_mixin.py:137} INFO - [2023-05-31T19:29:51.150+0000] {dagbag.py:343} ERROR - Failed to import: /workspaces/hands-on-introduction-data-engineering-4395021/airflow/dags/extract_dag.py
Traceback (most recent call last):
  File "/usr/local/python/3.10.4/lib/python3.10/site-packages/airflow/models/dagbag.py", line 339, in parse
    loader.exec_module(new_module)
  File "<frozen importlib._bootstrap_external>", line 879, in exec_module
  File "<frozen importlib._bootstrap_external>", line 1017, in get_code
  File "<frozen importlib._bootstrap_external>", line 947, in source_to_code
  File "<frozen importlib._bootstrap>", line 241, in _call_with_frames_removed
  File "/workspaces/hands-on-introduction-data-engineering-4395021/airflow/dags/extract_dag.py", line 11
    bash_command='wget -c https://datahub.io/core/top-level-domain-names/r/top-level-domain-names.csv.csv -O /
                 ^
SyntaxError: unterminated string literal (detected at line 11)
[2023-05-31T19:29:51.151+0000] {processor.py:755} WARNING - No viable dags retrieved from /workspaces/hands-on-introduction-data-engineering-4395021/airflow/dags/extract_dag.py
[2023-05-31T19:29:51.192+0000] {processor.py:175} INFO - Processing /workspaces/hands-on-introduction-data-engineering-4395021/airflow/dags/extract_dag.py took 0.049 seconds
[2023-05-31T19:30:21.523+0000] {processor.py:153} INFO - Started process (PID=38378) to work on /workspaces/hands-on-introduction-data-engineering-4395021/airflow/dags/extract_dag.py
[2023-05-31T19:30:21.524+0000] {processor.py:743} INFO - Processing file /workspaces/hands-on-introduction-data-engineering-4395021/airflow/dags/extract_dag.py for tasks to queue
[2023-05-31T19:30:21.525+0000] {logging_mixin.py:137} INFO - [2023-05-31T19:30:21.525+0000] {dagbag.py:538} INFO - Filling up the DagBag from /workspaces/hands-on-introduction-data-engineering-4395021/airflow/dags/extract_dag.py
[2023-05-31T19:30:21.527+0000] {logging_mixin.py:137} INFO - [2023-05-31T19:30:21.527+0000] {dagbag.py:343} ERROR - Failed to import: /workspaces/hands-on-introduction-data-engineering-4395021/airflow/dags/extract_dag.py
Traceback (most recent call last):
  File "/usr/local/python/3.10.4/lib/python3.10/site-packages/airflow/models/dagbag.py", line 339, in parse
    loader.exec_module(new_module)
  File "<frozen importlib._bootstrap_external>", line 879, in exec_module
  File "<frozen importlib._bootstrap_external>", line 1017, in get_code
  File "<frozen importlib._bootstrap_external>", line 947, in source_to_code
  File "<frozen importlib._bootstrap>", line 241, in _call_with_frames_removed
  File "/workspaces/hands-on-introduction-data-engineering-4395021/airflow/dags/extract_dag.py", line 11
    bash_command='wget -c https://datahub.io/core/top-level-domain-names/r/top-level-domain-names.csv.csv -O /
                 ^
SyntaxError: unterminated string literal (detected at line 11)
[2023-05-31T19:30:21.528+0000] {processor.py:755} WARNING - No viable dags retrieved from /workspaces/hands-on-introduction-data-engineering-4395021/airflow/dags/extract_dag.py
[2023-05-31T19:30:21.572+0000] {processor.py:175} INFO - Processing /workspaces/hands-on-introduction-data-engineering-4395021/airflow/dags/extract_dag.py took 0.052 seconds
[2023-05-31T19:30:51.944+0000] {processor.py:153} INFO - Started process (PID=38565) to work on /workspaces/hands-on-introduction-data-engineering-4395021/airflow/dags/extract_dag.py
[2023-05-31T19:30:51.945+0000] {processor.py:743} INFO - Processing file /workspaces/hands-on-introduction-data-engineering-4395021/airflow/dags/extract_dag.py for tasks to queue
[2023-05-31T19:30:51.946+0000] {logging_mixin.py:137} INFO - [2023-05-31T19:30:51.945+0000] {dagbag.py:538} INFO - Filling up the DagBag from /workspaces/hands-on-introduction-data-engineering-4395021/airflow/dags/extract_dag.py
[2023-05-31T19:30:51.949+0000] {logging_mixin.py:137} INFO - [2023-05-31T19:30:51.948+0000] {dagbag.py:343} ERROR - Failed to import: /workspaces/hands-on-introduction-data-engineering-4395021/airflow/dags/extract_dag.py
Traceback (most recent call last):
  File "/usr/local/python/3.10.4/lib/python3.10/site-packages/airflow/models/dagbag.py", line 339, in parse
    loader.exec_module(new_module)
  File "<frozen importlib._bootstrap_external>", line 879, in exec_module
  File "<frozen importlib._bootstrap_external>", line 1017, in get_code
  File "<frozen importlib._bootstrap_external>", line 947, in source_to_code
  File "<frozen importlib._bootstrap>", line 241, in _call_with_frames_removed
  File "/workspaces/hands-on-introduction-data-engineering-4395021/airflow/dags/extract_dag.py", line 11
    bash_command='wget -c https://datahub.io/core/top-level-domain-names/r/top-level-domain-names.csv.csv -O /
                 ^
SyntaxError: unterminated string literal (detected at line 11)
[2023-05-31T19:30:51.949+0000] {processor.py:755} WARNING - No viable dags retrieved from /workspaces/hands-on-introduction-data-engineering-4395021/airflow/dags/extract_dag.py
[2023-05-31T19:30:51.991+0000] {processor.py:175} INFO - Processing /workspaces/hands-on-introduction-data-engineering-4395021/airflow/dags/extract_dag.py took 0.051 seconds
[2023-05-31T19:31:15.398+0000] {processor.py:153} INFO - Started process (PID=38708) to work on /workspaces/hands-on-introduction-data-engineering-4395021/airflow/dags/extract_dag.py
[2023-05-31T19:31:15.399+0000] {processor.py:743} INFO - Processing file /workspaces/hands-on-introduction-data-engineering-4395021/airflow/dags/extract_dag.py for tasks to queue
[2023-05-31T19:31:15.400+0000] {logging_mixin.py:137} INFO - [2023-05-31T19:31:15.400+0000] {dagbag.py:538} INFO - Filling up the DagBag from /workspaces/hands-on-introduction-data-engineering-4395021/airflow/dags/extract_dag.py
[2023-05-31T19:31:15.633+0000] {processor.py:753} INFO - DAG(s) dict_keys(['extract_dag']) retrieved from /workspaces/hands-on-introduction-data-engineering-4395021/airflow/dags/extract_dag.py
[2023-05-31T19:31:15.999+0000] {logging_mixin.py:137} INFO - [2023-05-31T19:31:15.998+0000] {manager.py:504} INFO - Created Permission View: can read on DAG:extract_dag
[2023-05-31T19:31:16.051+0000] {logging_mixin.py:137} INFO - [2023-05-31T19:31:16.051+0000] {manager.py:504} INFO - Created Permission View: can delete on DAG:extract_dag
[2023-05-31T19:31:16.083+0000] {logging_mixin.py:137} INFO - [2023-05-31T19:31:16.083+0000] {manager.py:504} INFO - Created Permission View: can edit on DAG:extract_dag
[2023-05-31T19:31:16.084+0000] {logging_mixin.py:137} INFO - [2023-05-31T19:31:16.084+0000] {dag.py:2690} INFO - Sync 1 DAGs
[2023-05-31T19:31:16.093+0000] {logging_mixin.py:137} INFO - [2023-05-31T19:31:16.093+0000] {dag.py:2711} INFO - Creating ORM DAG for extract_dag
[2023-05-31T19:31:16.101+0000] {logging_mixin.py:137} INFO - [2023-05-31T19:31:16.101+0000] {dag.py:3437} INFO - Setting next_dagrun for extract_dag to None, run_after=None
[2023-05-31T19:31:16.182+0000] {processor.py:175} INFO - Processing /workspaces/hands-on-introduction-data-engineering-4395021/airflow/dags/extract_dag.py took 0.787 seconds
[2023-05-31T19:31:21.370+0000] {processor.py:153} INFO - Started process (PID=38747) to work on /workspaces/hands-on-introduction-data-engineering-4395021/airflow/dags/extract_dag.py
[2023-05-31T19:31:21.372+0000] {processor.py:743} INFO - Processing file /workspaces/hands-on-introduction-data-engineering-4395021/airflow/dags/extract_dag.py for tasks to queue
[2023-05-31T19:31:21.373+0000] {logging_mixin.py:137} INFO - [2023-05-31T19:31:21.373+0000] {dagbag.py:538} INFO - Filling up the DagBag from /workspaces/hands-on-introduction-data-engineering-4395021/airflow/dags/extract_dag.py
[2023-05-31T19:31:21.396+0000] {processor.py:753} INFO - DAG(s) dict_keys(['extract_dag']) retrieved from /workspaces/hands-on-introduction-data-engineering-4395021/airflow/dags/extract_dag.py
[2023-05-31T19:31:21.415+0000] {logging_mixin.py:137} INFO - [2023-05-31T19:31:21.415+0000] {dag.py:2690} INFO - Sync 1 DAGs
[2023-05-31T19:31:21.456+0000] {logging_mixin.py:137} INFO - [2023-05-31T19:31:21.456+0000] {dag.py:3437} INFO - Setting next_dagrun for extract_dag to None, run_after=None
[2023-05-31T19:31:21.530+0000] {processor.py:175} INFO - Processing /workspaces/hands-on-introduction-data-engineering-4395021/airflow/dags/extract_dag.py took 0.164 seconds
[2023-05-31T19:31:28.838+0000] {processor.py:153} INFO - Started process (PID=38804) to work on /workspaces/hands-on-introduction-data-engineering-4395021/airflow/dags/extract_dag.py
[2023-05-31T19:31:28.839+0000] {processor.py:743} INFO - Processing file /workspaces/hands-on-introduction-data-engineering-4395021/airflow/dags/extract_dag.py for tasks to queue
[2023-05-31T19:31:28.840+0000] {logging_mixin.py:137} INFO - [2023-05-31T19:31:28.840+0000] {dagbag.py:538} INFO - Filling up the DagBag from /workspaces/hands-on-introduction-data-engineering-4395021/airflow/dags/extract_dag.py
[2023-05-31T19:31:28.864+0000] {processor.py:753} INFO - DAG(s) dict_keys(['extract_dag']) retrieved from /workspaces/hands-on-introduction-data-engineering-4395021/airflow/dags/extract_dag.py
[2023-05-31T19:31:28.875+0000] {logging_mixin.py:137} INFO - [2023-05-31T19:31:28.875+0000] {dag.py:2690} INFO - Sync 1 DAGs
[2023-05-31T19:31:28.906+0000] {logging_mixin.py:137} INFO - [2023-05-31T19:31:28.906+0000] {dag.py:3437} INFO - Setting next_dagrun for extract_dag to None, run_after=None
[2023-05-31T19:31:28.994+0000] {processor.py:175} INFO - Processing /workspaces/hands-on-introduction-data-engineering-4395021/airflow/dags/extract_dag.py took 0.157 seconds
[2023-05-31T19:31:59.255+0000] {processor.py:153} INFO - Started process (PID=38987) to work on /workspaces/hands-on-introduction-data-engineering-4395021/airflow/dags/extract_dag.py
[2023-05-31T19:31:59.257+0000] {processor.py:743} INFO - Processing file /workspaces/hands-on-introduction-data-engineering-4395021/airflow/dags/extract_dag.py for tasks to queue
[2023-05-31T19:31:59.258+0000] {logging_mixin.py:137} INFO - [2023-05-31T19:31:59.257+0000] {dagbag.py:538} INFO - Filling up the DagBag from /workspaces/hands-on-introduction-data-engineering-4395021/airflow/dags/extract_dag.py
[2023-05-31T19:31:59.273+0000] {processor.py:753} INFO - DAG(s) dict_keys(['extract_dag']) retrieved from /workspaces/hands-on-introduction-data-engineering-4395021/airflow/dags/extract_dag.py
[2023-05-31T19:31:59.288+0000] {logging_mixin.py:137} INFO - [2023-05-31T19:31:59.288+0000] {dag.py:2690} INFO - Sync 1 DAGs
[2023-05-31T19:31:59.306+0000] {logging_mixin.py:137} INFO - [2023-05-31T19:31:59.306+0000] {dag.py:3437} INFO - Setting next_dagrun for extract_dag to None, run_after=None
[2023-05-31T19:31:59.347+0000] {processor.py:175} INFO - Processing /workspaces/hands-on-introduction-data-engineering-4395021/airflow/dags/extract_dag.py took 0.096 seconds
[2023-05-31T19:32:29.679+0000] {processor.py:153} INFO - Started process (PID=39180) to work on /workspaces/hands-on-introduction-data-engineering-4395021/airflow/dags/extract_dag.py
[2023-05-31T19:32:29.680+0000] {processor.py:743} INFO - Processing file /workspaces/hands-on-introduction-data-engineering-4395021/airflow/dags/extract_dag.py for tasks to queue
[2023-05-31T19:32:29.681+0000] {logging_mixin.py:137} INFO - [2023-05-31T19:32:29.681+0000] {dagbag.py:538} INFO - Filling up the DagBag from /workspaces/hands-on-introduction-data-engineering-4395021/airflow/dags/extract_dag.py
[2023-05-31T19:32:29.696+0000] {processor.py:753} INFO - DAG(s) dict_keys(['extract_dag']) retrieved from /workspaces/hands-on-introduction-data-engineering-4395021/airflow/dags/extract_dag.py
[2023-05-31T19:32:29.712+0000] {logging_mixin.py:137} INFO - [2023-05-31T19:32:29.712+0000] {dag.py:2690} INFO - Sync 1 DAGs
[2023-05-31T19:32:29.730+0000] {logging_mixin.py:137} INFO - [2023-05-31T19:32:29.730+0000] {dag.py:3437} INFO - Setting next_dagrun for extract_dag to None, run_after=None
[2023-05-31T19:32:29.772+0000] {processor.py:175} INFO - Processing /workspaces/hands-on-introduction-data-engineering-4395021/airflow/dags/extract_dag.py took 0.096 seconds
[2023-05-31T19:32:36.469+0000] {processor.py:153} INFO - Started process (PID=39228) to work on /workspaces/hands-on-introduction-data-engineering-4395021/airflow/dags/extract_dag.py
[2023-05-31T19:32:36.470+0000] {processor.py:743} INFO - Processing file /workspaces/hands-on-introduction-data-engineering-4395021/airflow/dags/extract_dag.py for tasks to queue
[2023-05-31T19:32:36.470+0000] {logging_mixin.py:137} INFO - [2023-05-31T19:32:36.470+0000] {dagbag.py:538} INFO - Filling up the DagBag from /workspaces/hands-on-introduction-data-engineering-4395021/airflow/dags/extract_dag.py
[2023-05-31T19:32:36.485+0000] {processor.py:753} INFO - DAG(s) dict_keys(['extract_dag']) retrieved from /workspaces/hands-on-introduction-data-engineering-4395021/airflow/dags/extract_dag.py
[2023-05-31T19:32:36.501+0000] {logging_mixin.py:137} INFO - [2023-05-31T19:32:36.501+0000] {dag.py:2690} INFO - Sync 1 DAGs
[2023-05-31T19:32:36.522+0000] {logging_mixin.py:137} INFO - [2023-05-31T19:32:36.522+0000] {dag.py:3437} INFO - Setting next_dagrun for extract_dag to None, run_after=None
[2023-05-31T19:32:36.565+0000] {processor.py:175} INFO - Processing /workspaces/hands-on-introduction-data-engineering-4395021/airflow/dags/extract_dag.py took 0.100 seconds
[2023-05-31T19:32:42.279+0000] {processor.py:153} INFO - Started process (PID=39259) to work on /workspaces/hands-on-introduction-data-engineering-4395021/airflow/dags/extract_dag.py
[2023-05-31T19:32:42.281+0000] {processor.py:743} INFO - Processing file /workspaces/hands-on-introduction-data-engineering-4395021/airflow/dags/extract_dag.py for tasks to queue
[2023-05-31T19:32:42.282+0000] {logging_mixin.py:137} INFO - [2023-05-31T19:32:42.282+0000] {dagbag.py:538} INFO - Filling up the DagBag from /workspaces/hands-on-introduction-data-engineering-4395021/airflow/dags/extract_dag.py
[2023-05-31T19:32:42.304+0000] {processor.py:753} INFO - DAG(s) dict_keys(['extract_dag']) retrieved from /workspaces/hands-on-introduction-data-engineering-4395021/airflow/dags/extract_dag.py
[2023-05-31T19:32:42.328+0000] {logging_mixin.py:137} INFO - [2023-05-31T19:32:42.327+0000] {dag.py:2690} INFO - Sync 1 DAGs
[2023-05-31T19:32:42.354+0000] {logging_mixin.py:137} INFO - [2023-05-31T19:32:42.354+0000] {dag.py:3437} INFO - Setting next_dagrun for extract_dag to None, run_after=None
[2023-05-31T19:32:42.406+0000] {processor.py:175} INFO - Processing /workspaces/hands-on-introduction-data-engineering-4395021/airflow/dags/extract_dag.py took 0.131 seconds
[2023-05-31T19:33:13.182+0000] {processor.py:153} INFO - Started process (PID=39445) to work on /workspaces/hands-on-introduction-data-engineering-4395021/airflow/dags/extract_dag.py
[2023-05-31T19:33:13.183+0000] {processor.py:743} INFO - Processing file /workspaces/hands-on-introduction-data-engineering-4395021/airflow/dags/extract_dag.py for tasks to queue
[2023-05-31T19:33:13.183+0000] {logging_mixin.py:137} INFO - [2023-05-31T19:33:13.183+0000] {dagbag.py:538} INFO - Filling up the DagBag from /workspaces/hands-on-introduction-data-engineering-4395021/airflow/dags/extract_dag.py
[2023-05-31T19:33:13.198+0000] {processor.py:753} INFO - DAG(s) dict_keys(['extract_dag']) retrieved from /workspaces/hands-on-introduction-data-engineering-4395021/airflow/dags/extract_dag.py
[2023-05-31T19:33:13.214+0000] {logging_mixin.py:137} INFO - [2023-05-31T19:33:13.214+0000] {dag.py:2690} INFO - Sync 1 DAGs
[2023-05-31T19:33:13.231+0000] {logging_mixin.py:137} INFO - [2023-05-31T19:33:13.231+0000] {dag.py:3437} INFO - Setting next_dagrun for extract_dag to None, run_after=None
[2023-05-31T19:33:13.275+0000] {processor.py:175} INFO - Processing /workspaces/hands-on-introduction-data-engineering-4395021/airflow/dags/extract_dag.py took 0.097 seconds
[2023-05-31T19:33:43.442+0000] {processor.py:153} INFO - Started process (PID=39622) to work on /workspaces/hands-on-introduction-data-engineering-4395021/airflow/dags/extract_dag.py
[2023-05-31T19:33:43.444+0000] {processor.py:743} INFO - Processing file /workspaces/hands-on-introduction-data-engineering-4395021/airflow/dags/extract_dag.py for tasks to queue
[2023-05-31T19:33:43.446+0000] {logging_mixin.py:137} INFO - [2023-05-31T19:33:43.445+0000] {dagbag.py:538} INFO - Filling up the DagBag from /workspaces/hands-on-introduction-data-engineering-4395021/airflow/dags/extract_dag.py
[2023-05-31T19:33:43.468+0000] {processor.py:753} INFO - DAG(s) dict_keys(['extract_dag']) retrieved from /workspaces/hands-on-introduction-data-engineering-4395021/airflow/dags/extract_dag.py
[2023-05-31T19:33:43.489+0000] {logging_mixin.py:137} INFO - [2023-05-31T19:33:43.489+0000] {dag.py:2690} INFO - Sync 1 DAGs
[2023-05-31T19:33:43.507+0000] {logging_mixin.py:137} INFO - [2023-05-31T19:33:43.507+0000] {dag.py:3437} INFO - Setting next_dagrun for extract_dag to None, run_after=None
[2023-05-31T19:33:43.549+0000] {processor.py:175} INFO - Processing /workspaces/hands-on-introduction-data-engineering-4395021/airflow/dags/extract_dag.py took 0.110 seconds
[2023-05-31T19:34:14.077+0000] {processor.py:153} INFO - Started process (PID=39812) to work on /workspaces/hands-on-introduction-data-engineering-4395021/airflow/dags/extract_dag.py
[2023-05-31T19:34:14.078+0000] {processor.py:743} INFO - Processing file /workspaces/hands-on-introduction-data-engineering-4395021/airflow/dags/extract_dag.py for tasks to queue
[2023-05-31T19:34:14.078+0000] {logging_mixin.py:137} INFO - [2023-05-31T19:34:14.078+0000] {dagbag.py:538} INFO - Filling up the DagBag from /workspaces/hands-on-introduction-data-engineering-4395021/airflow/dags/extract_dag.py
[2023-05-31T19:34:14.101+0000] {processor.py:753} INFO - DAG(s) dict_keys(['extract_dag']) retrieved from /workspaces/hands-on-introduction-data-engineering-4395021/airflow/dags/extract_dag.py
[2023-05-31T19:34:14.121+0000] {logging_mixin.py:137} INFO - [2023-05-31T19:34:14.120+0000] {dag.py:2690} INFO - Sync 1 DAGs
[2023-05-31T19:34:14.138+0000] {logging_mixin.py:137} INFO - [2023-05-31T19:34:14.138+0000] {dag.py:3437} INFO - Setting next_dagrun for extract_dag to None, run_after=None
[2023-05-31T19:34:14.181+0000] {processor.py:175} INFO - Processing /workspaces/hands-on-introduction-data-engineering-4395021/airflow/dags/extract_dag.py took 0.107 seconds
[2023-05-31T19:34:44.412+0000] {processor.py:153} INFO - Started process (PID=39988) to work on /workspaces/hands-on-introduction-data-engineering-4395021/airflow/dags/extract_dag.py
[2023-05-31T19:34:44.414+0000] {processor.py:743} INFO - Processing file /workspaces/hands-on-introduction-data-engineering-4395021/airflow/dags/extract_dag.py for tasks to queue
[2023-05-31T19:34:44.415+0000] {logging_mixin.py:137} INFO - [2023-05-31T19:34:44.415+0000] {dagbag.py:538} INFO - Filling up the DagBag from /workspaces/hands-on-introduction-data-engineering-4395021/airflow/dags/extract_dag.py
[2023-05-31T19:34:44.435+0000] {processor.py:753} INFO - DAG(s) dict_keys(['extract_dag']) retrieved from /workspaces/hands-on-introduction-data-engineering-4395021/airflow/dags/extract_dag.py
[2023-05-31T19:34:44.460+0000] {logging_mixin.py:137} INFO - [2023-05-31T19:34:44.460+0000] {dag.py:2690} INFO - Sync 1 DAGs
[2023-05-31T19:34:44.487+0000] {logging_mixin.py:137} INFO - [2023-05-31T19:34:44.487+0000] {dag.py:3437} INFO - Setting next_dagrun for extract_dag to None, run_after=None
[2023-05-31T19:34:44.541+0000] {processor.py:175} INFO - Processing /workspaces/hands-on-introduction-data-engineering-4395021/airflow/dags/extract_dag.py took 0.133 seconds
[2023-05-31T19:35:15.380+0000] {processor.py:153} INFO - Started process (PID=40176) to work on /workspaces/hands-on-introduction-data-engineering-4395021/airflow/dags/extract_dag.py
[2023-05-31T19:35:15.384+0000] {processor.py:743} INFO - Processing file /workspaces/hands-on-introduction-data-engineering-4395021/airflow/dags/extract_dag.py for tasks to queue
[2023-05-31T19:35:15.384+0000] {logging_mixin.py:137} INFO - [2023-05-31T19:35:15.384+0000] {dagbag.py:538} INFO - Filling up the DagBag from /workspaces/hands-on-introduction-data-engineering-4395021/airflow/dags/extract_dag.py
[2023-05-31T19:35:15.398+0000] {processor.py:753} INFO - DAG(s) dict_keys(['extract_dag']) retrieved from /workspaces/hands-on-introduction-data-engineering-4395021/airflow/dags/extract_dag.py
[2023-05-31T19:35:15.419+0000] {logging_mixin.py:137} INFO - [2023-05-31T19:35:15.419+0000] {dag.py:2690} INFO - Sync 1 DAGs
[2023-05-31T19:35:15.437+0000] {logging_mixin.py:137} INFO - [2023-05-31T19:35:15.437+0000] {dag.py:3437} INFO - Setting next_dagrun for extract_dag to None, run_after=None
[2023-05-31T19:35:15.478+0000] {processor.py:175} INFO - Processing /workspaces/hands-on-introduction-data-engineering-4395021/airflow/dags/extract_dag.py took 0.102 seconds
[2023-05-31T19:35:45.797+0000] {processor.py:153} INFO - Started process (PID=40460) to work on /workspaces/hands-on-introduction-data-engineering-4395021/airflow/dags/extract_dag.py
[2023-05-31T19:35:45.798+0000] {processor.py:743} INFO - Processing file /workspaces/hands-on-introduction-data-engineering-4395021/airflow/dags/extract_dag.py for tasks to queue
[2023-05-31T19:35:45.799+0000] {logging_mixin.py:137} INFO - [2023-05-31T19:35:45.799+0000] {dagbag.py:538} INFO - Filling up the DagBag from /workspaces/hands-on-introduction-data-engineering-4395021/airflow/dags/extract_dag.py
[2023-05-31T19:35:45.812+0000] {processor.py:753} INFO - DAG(s) dict_keys(['extract_dag']) retrieved from /workspaces/hands-on-introduction-data-engineering-4395021/airflow/dags/extract_dag.py
[2023-05-31T19:35:45.830+0000] {logging_mixin.py:137} INFO - [2023-05-31T19:35:45.830+0000] {dag.py:2690} INFO - Sync 1 DAGs
[2023-05-31T19:35:45.847+0000] {logging_mixin.py:137} INFO - [2023-05-31T19:35:45.847+0000] {dag.py:3437} INFO - Setting next_dagrun for extract_dag to None, run_after=None
[2023-05-31T19:35:45.903+0000] {processor.py:175} INFO - Processing /workspaces/hands-on-introduction-data-engineering-4395021/airflow/dags/extract_dag.py took 0.109 seconds
[2023-05-31T19:36:16.210+0000] {processor.py:153} INFO - Started process (PID=40796) to work on /workspaces/hands-on-introduction-data-engineering-4395021/airflow/dags/extract_dag.py
[2023-05-31T19:36:16.211+0000] {processor.py:743} INFO - Processing file /workspaces/hands-on-introduction-data-engineering-4395021/airflow/dags/extract_dag.py for tasks to queue
[2023-05-31T19:36:16.212+0000] {logging_mixin.py:137} INFO - [2023-05-31T19:36:16.212+0000] {dagbag.py:538} INFO - Filling up the DagBag from /workspaces/hands-on-introduction-data-engineering-4395021/airflow/dags/extract_dag.py
[2023-05-31T19:36:16.225+0000] {processor.py:753} INFO - DAG(s) dict_keys(['extract_dag']) retrieved from /workspaces/hands-on-introduction-data-engineering-4395021/airflow/dags/extract_dag.py
[2023-05-31T19:36:16.241+0000] {logging_mixin.py:137} INFO - [2023-05-31T19:36:16.241+0000] {dag.py:2690} INFO - Sync 1 DAGs
[2023-05-31T19:36:16.261+0000] {logging_mixin.py:137} INFO - [2023-05-31T19:36:16.261+0000] {dag.py:3437} INFO - Setting next_dagrun for extract_dag to None, run_after=None
[2023-05-31T19:36:16.304+0000] {processor.py:175} INFO - Processing /workspaces/hands-on-introduction-data-engineering-4395021/airflow/dags/extract_dag.py took 0.097 seconds
[2023-05-31T19:36:46.689+0000] {processor.py:153} INFO - Started process (PID=41137) to work on /workspaces/hands-on-introduction-data-engineering-4395021/airflow/dags/extract_dag.py
[2023-05-31T19:36:46.690+0000] {processor.py:743} INFO - Processing file /workspaces/hands-on-introduction-data-engineering-4395021/airflow/dags/extract_dag.py for tasks to queue
[2023-05-31T19:36:46.691+0000] {logging_mixin.py:137} INFO - [2023-05-31T19:36:46.691+0000] {dagbag.py:538} INFO - Filling up the DagBag from /workspaces/hands-on-introduction-data-engineering-4395021/airflow/dags/extract_dag.py
[2023-05-31T19:36:46.705+0000] {processor.py:753} INFO - DAG(s) dict_keys(['extract_dag']) retrieved from /workspaces/hands-on-introduction-data-engineering-4395021/airflow/dags/extract_dag.py
[2023-05-31T19:36:46.721+0000] {logging_mixin.py:137} INFO - [2023-05-31T19:36:46.721+0000] {dag.py:2690} INFO - Sync 1 DAGs
[2023-05-31T19:36:46.740+0000] {logging_mixin.py:137} INFO - [2023-05-31T19:36:46.740+0000] {dag.py:3437} INFO - Setting next_dagrun for extract_dag to None, run_after=None
[2023-05-31T19:36:46.785+0000] {processor.py:175} INFO - Processing /workspaces/hands-on-introduction-data-engineering-4395021/airflow/dags/extract_dag.py took 0.099 seconds
[2023-05-31T19:37:17.134+0000] {processor.py:153} INFO - Started process (PID=41486) to work on /workspaces/hands-on-introduction-data-engineering-4395021/airflow/dags/extract_dag.py
[2023-05-31T19:37:17.135+0000] {processor.py:743} INFO - Processing file /workspaces/hands-on-introduction-data-engineering-4395021/airflow/dags/extract_dag.py for tasks to queue
[2023-05-31T19:37:17.136+0000] {logging_mixin.py:137} INFO - [2023-05-31T19:37:17.136+0000] {dagbag.py:538} INFO - Filling up the DagBag from /workspaces/hands-on-introduction-data-engineering-4395021/airflow/dags/extract_dag.py
[2023-05-31T19:37:17.150+0000] {processor.py:753} INFO - DAG(s) dict_keys(['extract_dag']) retrieved from /workspaces/hands-on-introduction-data-engineering-4395021/airflow/dags/extract_dag.py
[2023-05-31T19:37:17.165+0000] {logging_mixin.py:137} INFO - [2023-05-31T19:37:17.165+0000] {dag.py:2690} INFO - Sync 1 DAGs
[2023-05-31T19:37:17.183+0000] {logging_mixin.py:137} INFO - [2023-05-31T19:37:17.183+0000] {dag.py:3437} INFO - Setting next_dagrun for extract_dag to None, run_after=None
[2023-05-31T19:37:17.226+0000] {processor.py:175} INFO - Processing /workspaces/hands-on-introduction-data-engineering-4395021/airflow/dags/extract_dag.py took 0.095 seconds
[2023-05-31T19:37:47.594+0000] {processor.py:153} INFO - Started process (PID=41824) to work on /workspaces/hands-on-introduction-data-engineering-4395021/airflow/dags/extract_dag.py
[2023-05-31T19:37:47.595+0000] {processor.py:743} INFO - Processing file /workspaces/hands-on-introduction-data-engineering-4395021/airflow/dags/extract_dag.py for tasks to queue
[2023-05-31T19:37:47.596+0000] {logging_mixin.py:137} INFO - [2023-05-31T19:37:47.596+0000] {dagbag.py:538} INFO - Filling up the DagBag from /workspaces/hands-on-introduction-data-engineering-4395021/airflow/dags/extract_dag.py
[2023-05-31T19:37:47.609+0000] {processor.py:753} INFO - DAG(s) dict_keys(['extract_dag']) retrieved from /workspaces/hands-on-introduction-data-engineering-4395021/airflow/dags/extract_dag.py
[2023-05-31T19:37:47.626+0000] {logging_mixin.py:137} INFO - [2023-05-31T19:37:47.626+0000] {dag.py:2690} INFO - Sync 1 DAGs
[2023-05-31T19:37:47.643+0000] {logging_mixin.py:137} INFO - [2023-05-31T19:37:47.643+0000] {dag.py:3437} INFO - Setting next_dagrun for extract_dag to None, run_after=None
[2023-05-31T19:37:47.685+0000] {processor.py:175} INFO - Processing /workspaces/hands-on-introduction-data-engineering-4395021/airflow/dags/extract_dag.py took 0.094 seconds
[2023-05-31T19:38:18.033+0000] {processor.py:153} INFO - Started process (PID=42053) to work on /workspaces/hands-on-introduction-data-engineering-4395021/airflow/dags/extract_dag.py
[2023-05-31T19:38:18.034+0000] {processor.py:743} INFO - Processing file /workspaces/hands-on-introduction-data-engineering-4395021/airflow/dags/extract_dag.py for tasks to queue
[2023-05-31T19:38:18.035+0000] {logging_mixin.py:137} INFO - [2023-05-31T19:38:18.035+0000] {dagbag.py:538} INFO - Filling up the DagBag from /workspaces/hands-on-introduction-data-engineering-4395021/airflow/dags/extract_dag.py
[2023-05-31T19:38:18.049+0000] {processor.py:753} INFO - DAG(s) dict_keys(['extract_dag']) retrieved from /workspaces/hands-on-introduction-data-engineering-4395021/airflow/dags/extract_dag.py
[2023-05-31T19:38:18.065+0000] {logging_mixin.py:137} INFO - [2023-05-31T19:38:18.065+0000] {dag.py:2690} INFO - Sync 1 DAGs
[2023-05-31T19:38:18.083+0000] {logging_mixin.py:137} INFO - [2023-05-31T19:38:18.082+0000] {dag.py:3437} INFO - Setting next_dagrun for extract_dag to None, run_after=None
[2023-05-31T19:38:18.127+0000] {processor.py:175} INFO - Processing /workspaces/hands-on-introduction-data-engineering-4395021/airflow/dags/extract_dag.py took 0.097 seconds
[2023-05-31T19:38:42.297+0000] {processor.py:153} INFO - Started process (PID=42227) to work on /workspaces/hands-on-introduction-data-engineering-4395021/airflow/dags/extract_dag.py
[2023-05-31T19:38:42.298+0000] {processor.py:743} INFO - Processing file /workspaces/hands-on-introduction-data-engineering-4395021/airflow/dags/extract_dag.py for tasks to queue
[2023-05-31T19:38:42.299+0000] {logging_mixin.py:137} INFO - [2023-05-31T19:38:42.299+0000] {dagbag.py:538} INFO - Filling up the DagBag from /workspaces/hands-on-introduction-data-engineering-4395021/airflow/dags/extract_dag.py
[2023-05-31T19:38:42.313+0000] {processor.py:753} INFO - DAG(s) dict_keys(['extract_dag']) retrieved from /workspaces/hands-on-introduction-data-engineering-4395021/airflow/dags/extract_dag.py
[2023-05-31T19:38:42.329+0000] {logging_mixin.py:137} INFO - [2023-05-31T19:38:42.328+0000] {dag.py:2690} INFO - Sync 1 DAGs
[2023-05-31T19:38:42.352+0000] {logging_mixin.py:137} INFO - [2023-05-31T19:38:42.352+0000] {dag.py:3437} INFO - Setting next_dagrun for extract_dag to None, run_after=None
[2023-05-31T19:38:42.399+0000] {processor.py:175} INFO - Processing /workspaces/hands-on-introduction-data-engineering-4395021/airflow/dags/extract_dag.py took 0.104 seconds
[2023-05-31T19:39:12.604+0000] {processor.py:153} INFO - Started process (PID=42411) to work on /workspaces/hands-on-introduction-data-engineering-4395021/airflow/dags/extract_dag.py
[2023-05-31T19:39:12.606+0000] {processor.py:743} INFO - Processing file /workspaces/hands-on-introduction-data-engineering-4395021/airflow/dags/extract_dag.py for tasks to queue
[2023-05-31T19:39:12.606+0000] {logging_mixin.py:137} INFO - [2023-05-31T19:39:12.606+0000] {dagbag.py:538} INFO - Filling up the DagBag from /workspaces/hands-on-introduction-data-engineering-4395021/airflow/dags/extract_dag.py
[2023-05-31T19:39:12.620+0000] {processor.py:753} INFO - DAG(s) dict_keys(['extract_dag']) retrieved from /workspaces/hands-on-introduction-data-engineering-4395021/airflow/dags/extract_dag.py
[2023-05-31T19:39:12.637+0000] {logging_mixin.py:137} INFO - [2023-05-31T19:39:12.637+0000] {dag.py:2690} INFO - Sync 1 DAGs
[2023-05-31T19:39:12.654+0000] {logging_mixin.py:137} INFO - [2023-05-31T19:39:12.654+0000] {dag.py:3437} INFO - Setting next_dagrun for extract_dag to None, run_after=None
[2023-05-31T19:39:12.698+0000] {processor.py:175} INFO - Processing /workspaces/hands-on-introduction-data-engineering-4395021/airflow/dags/extract_dag.py took 0.096 seconds
[2023-05-31T19:39:43.064+0000] {processor.py:153} INFO - Started process (PID=42575) to work on /workspaces/hands-on-introduction-data-engineering-4395021/airflow/dags/extract_dag.py
[2023-05-31T19:39:43.066+0000] {processor.py:743} INFO - Processing file /workspaces/hands-on-introduction-data-engineering-4395021/airflow/dags/extract_dag.py for tasks to queue
[2023-05-31T19:39:43.069+0000] {logging_mixin.py:137} INFO - [2023-05-31T19:39:43.069+0000] {dagbag.py:538} INFO - Filling up the DagBag from /workspaces/hands-on-introduction-data-engineering-4395021/airflow/dags/extract_dag.py
[2023-05-31T19:39:43.094+0000] {processor.py:753} INFO - DAG(s) dict_keys(['extract_dag']) retrieved from /workspaces/hands-on-introduction-data-engineering-4395021/airflow/dags/extract_dag.py
[2023-05-31T19:39:43.161+0000] {logging_mixin.py:137} INFO - [2023-05-31T19:39:43.160+0000] {dag.py:2690} INFO - Sync 1 DAGs
[2023-05-31T19:39:43.230+0000] {logging_mixin.py:137} INFO - [2023-05-31T19:39:43.230+0000] {dag.py:3437} INFO - Setting next_dagrun for extract_dag to None, run_after=None
[2023-05-31T19:39:43.278+0000] {processor.py:175} INFO - Processing /workspaces/hands-on-introduction-data-engineering-4395021/airflow/dags/extract_dag.py took 0.220 seconds
[2023-05-31T19:40:13.426+0000] {processor.py:153} INFO - Started process (PID=42754) to work on /workspaces/hands-on-introduction-data-engineering-4395021/airflow/dags/extract_dag.py
[2023-05-31T19:40:13.427+0000] {processor.py:743} INFO - Processing file /workspaces/hands-on-introduction-data-engineering-4395021/airflow/dags/extract_dag.py for tasks to queue
[2023-05-31T19:40:13.428+0000] {logging_mixin.py:137} INFO - [2023-05-31T19:40:13.428+0000] {dagbag.py:538} INFO - Filling up the DagBag from /workspaces/hands-on-introduction-data-engineering-4395021/airflow/dags/extract_dag.py
[2023-05-31T19:40:13.441+0000] {processor.py:753} INFO - DAG(s) dict_keys(['extract_dag']) retrieved from /workspaces/hands-on-introduction-data-engineering-4395021/airflow/dags/extract_dag.py
[2023-05-31T19:40:13.463+0000] {logging_mixin.py:137} INFO - [2023-05-31T19:40:13.463+0000] {dag.py:2690} INFO - Sync 1 DAGs
[2023-05-31T19:40:13.487+0000] {logging_mixin.py:137} INFO - [2023-05-31T19:40:13.486+0000] {dag.py:3437} INFO - Setting next_dagrun for extract_dag to None, run_after=None
[2023-05-31T19:40:13.532+0000] {processor.py:175} INFO - Processing /workspaces/hands-on-introduction-data-engineering-4395021/airflow/dags/extract_dag.py took 0.109 seconds
[2023-05-31T19:40:43.883+0000] {processor.py:153} INFO - Started process (PID=42935) to work on /workspaces/hands-on-introduction-data-engineering-4395021/airflow/dags/extract_dag.py
[2023-05-31T19:40:43.885+0000] {processor.py:743} INFO - Processing file /workspaces/hands-on-introduction-data-engineering-4395021/airflow/dags/extract_dag.py for tasks to queue
[2023-05-31T19:40:43.886+0000] {logging_mixin.py:137} INFO - [2023-05-31T19:40:43.886+0000] {dagbag.py:538} INFO - Filling up the DagBag from /workspaces/hands-on-introduction-data-engineering-4395021/airflow/dags/extract_dag.py
[2023-05-31T19:40:43.901+0000] {processor.py:753} INFO - DAG(s) dict_keys(['extract_dag']) retrieved from /workspaces/hands-on-introduction-data-engineering-4395021/airflow/dags/extract_dag.py
[2023-05-31T19:40:43.917+0000] {logging_mixin.py:137} INFO - [2023-05-31T19:40:43.917+0000] {dag.py:2690} INFO - Sync 1 DAGs
[2023-05-31T19:40:43.937+0000] {logging_mixin.py:137} INFO - [2023-05-31T19:40:43.937+0000] {dag.py:3437} INFO - Setting next_dagrun for extract_dag to None, run_after=None
[2023-05-31T19:40:43.981+0000] {processor.py:175} INFO - Processing /workspaces/hands-on-introduction-data-engineering-4395021/airflow/dags/extract_dag.py took 0.101 seconds
[2023-05-31T19:41:14.308+0000] {processor.py:153} INFO - Started process (PID=43115) to work on /workspaces/hands-on-introduction-data-engineering-4395021/airflow/dags/extract_dag.py
[2023-05-31T19:41:14.309+0000] {processor.py:743} INFO - Processing file /workspaces/hands-on-introduction-data-engineering-4395021/airflow/dags/extract_dag.py for tasks to queue
[2023-05-31T19:41:14.310+0000] {logging_mixin.py:137} INFO - [2023-05-31T19:41:14.310+0000] {dagbag.py:538} INFO - Filling up the DagBag from /workspaces/hands-on-introduction-data-engineering-4395021/airflow/dags/extract_dag.py
[2023-05-31T19:41:14.324+0000] {processor.py:753} INFO - DAG(s) dict_keys(['extract_dag']) retrieved from /workspaces/hands-on-introduction-data-engineering-4395021/airflow/dags/extract_dag.py
[2023-05-31T19:41:14.340+0000] {logging_mixin.py:137} INFO - [2023-05-31T19:41:14.340+0000] {dag.py:2690} INFO - Sync 1 DAGs
[2023-05-31T19:41:14.357+0000] {logging_mixin.py:137} INFO - [2023-05-31T19:41:14.357+0000] {dag.py:3437} INFO - Setting next_dagrun for extract_dag to None, run_after=None
[2023-05-31T19:41:14.399+0000] {processor.py:175} INFO - Processing /workspaces/hands-on-introduction-data-engineering-4395021/airflow/dags/extract_dag.py took 0.094 seconds
[2023-05-31T19:41:44.777+0000] {processor.py:153} INFO - Started process (PID=43301) to work on /workspaces/hands-on-introduction-data-engineering-4395021/airflow/dags/extract_dag.py
[2023-05-31T19:41:44.779+0000] {processor.py:743} INFO - Processing file /workspaces/hands-on-introduction-data-engineering-4395021/airflow/dags/extract_dag.py for tasks to queue
[2023-05-31T19:41:44.779+0000] {logging_mixin.py:137} INFO - [2023-05-31T19:41:44.779+0000] {dagbag.py:538} INFO - Filling up the DagBag from /workspaces/hands-on-introduction-data-engineering-4395021/airflow/dags/extract_dag.py
[2023-05-31T19:41:44.794+0000] {processor.py:753} INFO - DAG(s) dict_keys(['extract_dag']) retrieved from /workspaces/hands-on-introduction-data-engineering-4395021/airflow/dags/extract_dag.py
[2023-05-31T19:41:44.912+0000] {logging_mixin.py:137} INFO - [2023-05-31T19:41:44.912+0000] {dag.py:2690} INFO - Sync 1 DAGs
[2023-05-31T19:41:44.930+0000] {logging_mixin.py:137} INFO - [2023-05-31T19:41:44.930+0000] {dag.py:3437} INFO - Setting next_dagrun for extract_dag to None, run_after=None
[2023-05-31T19:41:44.985+0000] {processor.py:175} INFO - Processing /workspaces/hands-on-introduction-data-engineering-4395021/airflow/dags/extract_dag.py took 0.211 seconds
[2023-05-31T19:42:15.168+0000] {processor.py:153} INFO - Started process (PID=43477) to work on /workspaces/hands-on-introduction-data-engineering-4395021/airflow/dags/extract_dag.py
[2023-05-31T19:42:15.169+0000] {processor.py:743} INFO - Processing file /workspaces/hands-on-introduction-data-engineering-4395021/airflow/dags/extract_dag.py for tasks to queue
[2023-05-31T19:42:15.170+0000] {logging_mixin.py:137} INFO - [2023-05-31T19:42:15.170+0000] {dagbag.py:538} INFO - Filling up the DagBag from /workspaces/hands-on-introduction-data-engineering-4395021/airflow/dags/extract_dag.py
[2023-05-31T19:42:15.190+0000] {processor.py:753} INFO - DAG(s) dict_keys(['extract_dag']) retrieved from /workspaces/hands-on-introduction-data-engineering-4395021/airflow/dags/extract_dag.py
[2023-05-31T19:42:15.206+0000] {logging_mixin.py:137} INFO - [2023-05-31T19:42:15.206+0000] {dag.py:2690} INFO - Sync 1 DAGs
[2023-05-31T19:42:15.224+0000] {logging_mixin.py:137} INFO - [2023-05-31T19:42:15.224+0000] {dag.py:3437} INFO - Setting next_dagrun for extract_dag to None, run_after=None
[2023-05-31T19:42:15.279+0000] {processor.py:175} INFO - Processing /workspaces/hands-on-introduction-data-engineering-4395021/airflow/dags/extract_dag.py took 0.114 seconds
[2023-05-31T19:42:45.476+0000] {processor.py:153} INFO - Started process (PID=43651) to work on /workspaces/hands-on-introduction-data-engineering-4395021/airflow/dags/extract_dag.py
[2023-05-31T19:42:45.477+0000] {processor.py:743} INFO - Processing file /workspaces/hands-on-introduction-data-engineering-4395021/airflow/dags/extract_dag.py for tasks to queue
[2023-05-31T19:42:45.478+0000] {logging_mixin.py:137} INFO - [2023-05-31T19:42:45.478+0000] {dagbag.py:538} INFO - Filling up the DagBag from /workspaces/hands-on-introduction-data-engineering-4395021/airflow/dags/extract_dag.py
[2023-05-31T19:42:45.491+0000] {processor.py:753} INFO - DAG(s) dict_keys(['extract_dag']) retrieved from /workspaces/hands-on-introduction-data-engineering-4395021/airflow/dags/extract_dag.py
[2023-05-31T19:42:45.506+0000] {logging_mixin.py:137} INFO - [2023-05-31T19:42:45.506+0000] {dag.py:2690} INFO - Sync 1 DAGs
[2023-05-31T19:42:45.523+0000] {logging_mixin.py:137} INFO - [2023-05-31T19:42:45.523+0000] {dag.py:3437} INFO - Setting next_dagrun for extract_dag to None, run_after=None
[2023-05-31T19:42:45.566+0000] {processor.py:175} INFO - Processing /workspaces/hands-on-introduction-data-engineering-4395021/airflow/dags/extract_dag.py took 0.093 seconds
[2023-05-31T19:43:15.650+0000] {processor.py:153} INFO - Started process (PID=43828) to work on /workspaces/hands-on-introduction-data-engineering-4395021/airflow/dags/extract_dag.py
[2023-05-31T19:43:15.651+0000] {processor.py:743} INFO - Processing file /workspaces/hands-on-introduction-data-engineering-4395021/airflow/dags/extract_dag.py for tasks to queue
[2023-05-31T19:43:15.652+0000] {logging_mixin.py:137} INFO - [2023-05-31T19:43:15.652+0000] {dagbag.py:538} INFO - Filling up the DagBag from /workspaces/hands-on-introduction-data-engineering-4395021/airflow/dags/extract_dag.py
[2023-05-31T19:43:15.669+0000] {processor.py:753} INFO - DAG(s) dict_keys(['extract_dag']) retrieved from /workspaces/hands-on-introduction-data-engineering-4395021/airflow/dags/extract_dag.py
[2023-05-31T19:43:15.693+0000] {logging_mixin.py:137} INFO - [2023-05-31T19:43:15.693+0000] {dag.py:2690} INFO - Sync 1 DAGs
[2023-05-31T19:43:15.718+0000] {logging_mixin.py:137} INFO - [2023-05-31T19:43:15.718+0000] {dag.py:3437} INFO - Setting next_dagrun for extract_dag to None, run_after=None
[2023-05-31T19:43:15.770+0000] {processor.py:175} INFO - Processing /workspaces/hands-on-introduction-data-engineering-4395021/airflow/dags/extract_dag.py took 0.123 seconds
[2023-05-31T19:43:45.929+0000] {processor.py:153} INFO - Started process (PID=44011) to work on /workspaces/hands-on-introduction-data-engineering-4395021/airflow/dags/extract_dag.py
[2023-05-31T19:43:45.930+0000] {processor.py:743} INFO - Processing file /workspaces/hands-on-introduction-data-engineering-4395021/airflow/dags/extract_dag.py for tasks to queue
[2023-05-31T19:43:45.931+0000] {logging_mixin.py:137} INFO - [2023-05-31T19:43:45.930+0000] {dagbag.py:538} INFO - Filling up the DagBag from /workspaces/hands-on-introduction-data-engineering-4395021/airflow/dags/extract_dag.py
[2023-05-31T19:43:45.944+0000] {processor.py:753} INFO - DAG(s) dict_keys(['extract_dag']) retrieved from /workspaces/hands-on-introduction-data-engineering-4395021/airflow/dags/extract_dag.py
[2023-05-31T19:43:45.963+0000] {logging_mixin.py:137} INFO - [2023-05-31T19:43:45.962+0000] {dag.py:2690} INFO - Sync 1 DAGs
[2023-05-31T19:43:45.980+0000] {logging_mixin.py:137} INFO - [2023-05-31T19:43:45.980+0000] {dag.py:3437} INFO - Setting next_dagrun for extract_dag to None, run_after=None
[2023-05-31T19:43:46.023+0000] {processor.py:175} INFO - Processing /workspaces/hands-on-introduction-data-engineering-4395021/airflow/dags/extract_dag.py took 0.097 seconds
[2023-05-31T19:44:16.215+0000] {processor.py:153} INFO - Started process (PID=44198) to work on /workspaces/hands-on-introduction-data-engineering-4395021/airflow/dags/extract_dag.py
[2023-05-31T19:44:16.216+0000] {processor.py:743} INFO - Processing file /workspaces/hands-on-introduction-data-engineering-4395021/airflow/dags/extract_dag.py for tasks to queue
[2023-05-31T19:44:16.217+0000] {logging_mixin.py:137} INFO - [2023-05-31T19:44:16.216+0000] {dagbag.py:538} INFO - Filling up the DagBag from /workspaces/hands-on-introduction-data-engineering-4395021/airflow/dags/extract_dag.py
[2023-05-31T19:44:16.230+0000] {processor.py:753} INFO - DAG(s) dict_keys(['extract_dag']) retrieved from /workspaces/hands-on-introduction-data-engineering-4395021/airflow/dags/extract_dag.py
[2023-05-31T19:44:16.246+0000] {logging_mixin.py:137} INFO - [2023-05-31T19:44:16.246+0000] {dag.py:2690} INFO - Sync 1 DAGs
[2023-05-31T19:44:16.265+0000] {logging_mixin.py:137} INFO - [2023-05-31T19:44:16.265+0000] {dag.py:3437} INFO - Setting next_dagrun for extract_dag to None, run_after=None
[2023-05-31T19:44:16.322+0000] {processor.py:175} INFO - Processing /workspaces/hands-on-introduction-data-engineering-4395021/airflow/dags/extract_dag.py took 0.110 seconds
[2023-05-31T19:44:46.479+0000] {processor.py:153} INFO - Started process (PID=44370) to work on /workspaces/hands-on-introduction-data-engineering-4395021/airflow/dags/extract_dag.py
[2023-05-31T19:44:46.480+0000] {processor.py:743} INFO - Processing file /workspaces/hands-on-introduction-data-engineering-4395021/airflow/dags/extract_dag.py for tasks to queue
[2023-05-31T19:44:46.481+0000] {logging_mixin.py:137} INFO - [2023-05-31T19:44:46.480+0000] {dagbag.py:538} INFO - Filling up the DagBag from /workspaces/hands-on-introduction-data-engineering-4395021/airflow/dags/extract_dag.py
[2023-05-31T19:44:46.494+0000] {processor.py:753} INFO - DAG(s) dict_keys(['extract_dag']) retrieved from /workspaces/hands-on-introduction-data-engineering-4395021/airflow/dags/extract_dag.py
[2023-05-31T19:44:46.509+0000] {logging_mixin.py:137} INFO - [2023-05-31T19:44:46.509+0000] {dag.py:2690} INFO - Sync 1 DAGs
[2023-05-31T19:44:46.527+0000] {logging_mixin.py:137} INFO - [2023-05-31T19:44:46.527+0000] {dag.py:3437} INFO - Setting next_dagrun for extract_dag to None, run_after=None
[2023-05-31T19:44:46.568+0000] {processor.py:175} INFO - Processing /workspaces/hands-on-introduction-data-engineering-4395021/airflow/dags/extract_dag.py took 0.092 seconds
[2023-05-31T19:44:59.666+0000] {processor.py:153} INFO - Started process (PID=44462) to work on /workspaces/hands-on-introduction-data-engineering-4395021/airflow/dags/extract_dag.py
[2023-05-31T19:44:59.667+0000] {processor.py:743} INFO - Processing file /workspaces/hands-on-introduction-data-engineering-4395021/airflow/dags/extract_dag.py for tasks to queue
[2023-05-31T19:44:59.668+0000] {logging_mixin.py:137} INFO - [2023-05-31T19:44:59.668+0000] {dagbag.py:538} INFO - Filling up the DagBag from /workspaces/hands-on-introduction-data-engineering-4395021/airflow/dags/extract_dag.py
[2023-05-31T19:44:59.685+0000] {processor.py:753} INFO - DAG(s) dict_keys(['extract_dag']) retrieved from /workspaces/hands-on-introduction-data-engineering-4395021/airflow/dags/extract_dag.py
[2023-05-31T19:44:59.743+0000] {logging_mixin.py:137} INFO - [2023-05-31T19:44:59.743+0000] {dag.py:2690} INFO - Sync 1 DAGs
[2023-05-31T19:44:59.769+0000] {logging_mixin.py:137} INFO - [2023-05-31T19:44:59.769+0000] {dag.py:3437} INFO - Setting next_dagrun for extract_dag to None, run_after=None
[2023-05-31T19:44:59.819+0000] {processor.py:175} INFO - Processing /workspaces/hands-on-introduction-data-engineering-4395021/airflow/dags/extract_dag.py took 0.157 seconds
[2023-05-31T19:45:29.084+0000] {processor.py:153} INFO - Started process (PID=44681) to work on /workspaces/hands-on-introduction-data-engineering-4395021/airflow/dags/extract_dag.py
[2023-05-31T19:45:29.085+0000] {processor.py:743} INFO - Processing file /workspaces/hands-on-introduction-data-engineering-4395021/airflow/dags/extract_dag.py for tasks to queue
[2023-05-31T19:45:29.086+0000] {logging_mixin.py:137} INFO - [2023-05-31T19:45:29.086+0000] {dagbag.py:538} INFO - Filling up the DagBag from /workspaces/hands-on-introduction-data-engineering-4395021/airflow/dags/extract_dag.py
[2023-05-31T19:45:29.100+0000] {processor.py:753} INFO - DAG(s) dict_keys(['extract_dag']) retrieved from /workspaces/hands-on-introduction-data-engineering-4395021/airflow/dags/extract_dag.py
[2023-05-31T19:45:29.106+0000] {logging_mixin.py:137} INFO - [2023-05-31T19:45:29.106+0000] {dag.py:2690} INFO - Sync 1 DAGs
[2023-05-31T19:45:29.124+0000] {logging_mixin.py:137} INFO - [2023-05-31T19:45:29.124+0000] {dag.py:3437} INFO - Setting next_dagrun for extract_dag to None, run_after=None
[2023-05-31T19:45:29.169+0000] {processor.py:175} INFO - Processing /workspaces/hands-on-introduction-data-engineering-4395021/airflow/dags/extract_dag.py took 0.088 seconds
[2023-05-31T19:45:59.552+0000] {processor.py:153} INFO - Started process (PID=44872) to work on /workspaces/hands-on-introduction-data-engineering-4395021/airflow/dags/extract_dag.py
[2023-05-31T19:45:59.553+0000] {processor.py:743} INFO - Processing file /workspaces/hands-on-introduction-data-engineering-4395021/airflow/dags/extract_dag.py for tasks to queue
[2023-05-31T19:45:59.554+0000] {logging_mixin.py:137} INFO - [2023-05-31T19:45:59.553+0000] {dagbag.py:538} INFO - Filling up the DagBag from /workspaces/hands-on-introduction-data-engineering-4395021/airflow/dags/extract_dag.py
[2023-05-31T19:45:59.567+0000] {processor.py:753} INFO - DAG(s) dict_keys(['extract_dag']) retrieved from /workspaces/hands-on-introduction-data-engineering-4395021/airflow/dags/extract_dag.py
[2023-05-31T19:45:59.607+0000] {logging_mixin.py:137} INFO - [2023-05-31T19:45:59.606+0000] {dag.py:2690} INFO - Sync 1 DAGs
[2023-05-31T19:45:59.623+0000] {logging_mixin.py:137} INFO - [2023-05-31T19:45:59.623+0000] {dag.py:3437} INFO - Setting next_dagrun for extract_dag to None, run_after=None
[2023-05-31T19:45:59.666+0000] {processor.py:175} INFO - Processing /workspaces/hands-on-introduction-data-engineering-4395021/airflow/dags/extract_dag.py took 0.118 seconds
[2023-05-31T19:46:29.980+0000] {processor.py:153} INFO - Started process (PID=45061) to work on /workspaces/hands-on-introduction-data-engineering-4395021/airflow/dags/extract_dag.py
[2023-05-31T19:46:29.981+0000] {processor.py:743} INFO - Processing file /workspaces/hands-on-introduction-data-engineering-4395021/airflow/dags/extract_dag.py for tasks to queue
[2023-05-31T19:46:29.982+0000] {logging_mixin.py:137} INFO - [2023-05-31T19:46:29.982+0000] {dagbag.py:538} INFO - Filling up the DagBag from /workspaces/hands-on-introduction-data-engineering-4395021/airflow/dags/extract_dag.py
[2023-05-31T19:46:29.995+0000] {processor.py:753} INFO - DAG(s) dict_keys(['extract_dag']) retrieved from /workspaces/hands-on-introduction-data-engineering-4395021/airflow/dags/extract_dag.py
[2023-05-31T19:46:30.010+0000] {logging_mixin.py:137} INFO - [2023-05-31T19:46:30.010+0000] {dag.py:2690} INFO - Sync 1 DAGs
[2023-05-31T19:46:30.030+0000] {logging_mixin.py:137} INFO - [2023-05-31T19:46:30.030+0000] {dag.py:3437} INFO - Setting next_dagrun for extract_dag to None, run_after=None
[2023-05-31T19:46:30.072+0000] {processor.py:175} INFO - Processing /workspaces/hands-on-introduction-data-engineering-4395021/airflow/dags/extract_dag.py took 0.095 seconds
[2023-05-31T19:47:00.408+0000] {processor.py:153} INFO - Started process (PID=45246) to work on /workspaces/hands-on-introduction-data-engineering-4395021/airflow/dags/extract_dag.py
[2023-05-31T19:47:00.409+0000] {processor.py:743} INFO - Processing file /workspaces/hands-on-introduction-data-engineering-4395021/airflow/dags/extract_dag.py for tasks to queue
[2023-05-31T19:47:00.410+0000] {logging_mixin.py:137} INFO - [2023-05-31T19:47:00.410+0000] {dagbag.py:538} INFO - Filling up the DagBag from /workspaces/hands-on-introduction-data-engineering-4395021/airflow/dags/extract_dag.py
[2023-05-31T19:47:00.423+0000] {processor.py:753} INFO - DAG(s) dict_keys(['extract_dag']) retrieved from /workspaces/hands-on-introduction-data-engineering-4395021/airflow/dags/extract_dag.py
[2023-05-31T19:47:00.440+0000] {logging_mixin.py:137} INFO - [2023-05-31T19:47:00.439+0000] {dag.py:2690} INFO - Sync 1 DAGs
[2023-05-31T19:47:00.457+0000] {logging_mixin.py:137} INFO - [2023-05-31T19:47:00.457+0000] {dag.py:3437} INFO - Setting next_dagrun for extract_dag to None, run_after=None
[2023-05-31T19:47:00.498+0000] {processor.py:175} INFO - Processing /workspaces/hands-on-introduction-data-engineering-4395021/airflow/dags/extract_dag.py took 0.092 seconds
[2023-05-31T19:47:31.054+0000] {processor.py:153} INFO - Started process (PID=45429) to work on /workspaces/hands-on-introduction-data-engineering-4395021/airflow/dags/extract_dag.py
[2023-05-31T19:47:31.056+0000] {processor.py:743} INFO - Processing file /workspaces/hands-on-introduction-data-engineering-4395021/airflow/dags/extract_dag.py for tasks to queue
[2023-05-31T19:47:31.056+0000] {logging_mixin.py:137} INFO - [2023-05-31T19:47:31.056+0000] {dagbag.py:538} INFO - Filling up the DagBag from /workspaces/hands-on-introduction-data-engineering-4395021/airflow/dags/extract_dag.py
[2023-05-31T19:47:31.070+0000] {processor.py:753} INFO - DAG(s) dict_keys(['extract_dag']) retrieved from /workspaces/hands-on-introduction-data-engineering-4395021/airflow/dags/extract_dag.py
[2023-05-31T19:47:31.087+0000] {logging_mixin.py:137} INFO - [2023-05-31T19:47:31.087+0000] {dag.py:2690} INFO - Sync 1 DAGs
[2023-05-31T19:47:31.106+0000] {logging_mixin.py:137} INFO - [2023-05-31T19:47:31.106+0000] {dag.py:3437} INFO - Setting next_dagrun for extract_dag to None, run_after=None
[2023-05-31T19:47:31.158+0000] {processor.py:175} INFO - Processing /workspaces/hands-on-introduction-data-engineering-4395021/airflow/dags/extract_dag.py took 0.108 seconds
[2023-05-31T19:48:01.333+0000] {processor.py:153} INFO - Started process (PID=45611) to work on /workspaces/hands-on-introduction-data-engineering-4395021/airflow/dags/extract_dag.py
[2023-05-31T19:48:01.334+0000] {processor.py:743} INFO - Processing file /workspaces/hands-on-introduction-data-engineering-4395021/airflow/dags/extract_dag.py for tasks to queue
[2023-05-31T19:48:01.335+0000] {logging_mixin.py:137} INFO - [2023-05-31T19:48:01.334+0000] {dagbag.py:538} INFO - Filling up the DagBag from /workspaces/hands-on-introduction-data-engineering-4395021/airflow/dags/extract_dag.py
[2023-05-31T19:48:01.349+0000] {processor.py:753} INFO - DAG(s) dict_keys(['extract_dag']) retrieved from /workspaces/hands-on-introduction-data-engineering-4395021/airflow/dags/extract_dag.py
[2023-05-31T19:48:01.368+0000] {logging_mixin.py:137} INFO - [2023-05-31T19:48:01.368+0000] {dag.py:2690} INFO - Sync 1 DAGs
[2023-05-31T19:48:01.389+0000] {logging_mixin.py:137} INFO - [2023-05-31T19:48:01.389+0000] {dag.py:3437} INFO - Setting next_dagrun for extract_dag to None, run_after=None
[2023-05-31T19:48:01.431+0000] {processor.py:175} INFO - Processing /workspaces/hands-on-introduction-data-engineering-4395021/airflow/dags/extract_dag.py took 0.101 seconds
[2023-05-31T19:48:31.740+0000] {processor.py:153} INFO - Started process (PID=45793) to work on /workspaces/hands-on-introduction-data-engineering-4395021/airflow/dags/extract_dag.py
[2023-05-31T19:48:31.741+0000] {processor.py:743} INFO - Processing file /workspaces/hands-on-introduction-data-engineering-4395021/airflow/dags/extract_dag.py for tasks to queue
[2023-05-31T19:48:31.742+0000] {logging_mixin.py:137} INFO - [2023-05-31T19:48:31.742+0000] {dagbag.py:538} INFO - Filling up the DagBag from /workspaces/hands-on-introduction-data-engineering-4395021/airflow/dags/extract_dag.py
[2023-05-31T19:48:31.755+0000] {processor.py:753} INFO - DAG(s) dict_keys(['extract_dag']) retrieved from /workspaces/hands-on-introduction-data-engineering-4395021/airflow/dags/extract_dag.py
[2023-05-31T19:48:31.771+0000] {logging_mixin.py:137} INFO - [2023-05-31T19:48:31.771+0000] {dag.py:2690} INFO - Sync 1 DAGs
[2023-05-31T19:48:31.788+0000] {logging_mixin.py:137} INFO - [2023-05-31T19:48:31.788+0000] {dag.py:3437} INFO - Setting next_dagrun for extract_dag to None, run_after=None
[2023-05-31T19:48:31.830+0000] {processor.py:175} INFO - Processing /workspaces/hands-on-introduction-data-engineering-4395021/airflow/dags/extract_dag.py took 0.093 seconds
[2023-05-31T19:49:02.186+0000] {processor.py:153} INFO - Started process (PID=46005) to work on /workspaces/hands-on-introduction-data-engineering-4395021/airflow/dags/extract_dag.py
[2023-05-31T19:49:02.188+0000] {processor.py:743} INFO - Processing file /workspaces/hands-on-introduction-data-engineering-4395021/airflow/dags/extract_dag.py for tasks to queue
[2023-05-31T19:49:02.190+0000] {logging_mixin.py:137} INFO - [2023-05-31T19:49:02.190+0000] {dagbag.py:538} INFO - Filling up the DagBag from /workspaces/hands-on-introduction-data-engineering-4395021/airflow/dags/extract_dag.py
[2023-05-31T19:49:02.210+0000] {processor.py:753} INFO - DAG(s) dict_keys(['extract_dag']) retrieved from /workspaces/hands-on-introduction-data-engineering-4395021/airflow/dags/extract_dag.py
[2023-05-31T19:49:02.233+0000] {logging_mixin.py:137} INFO - [2023-05-31T19:49:02.233+0000] {dag.py:2690} INFO - Sync 1 DAGs
[2023-05-31T19:49:02.255+0000] {logging_mixin.py:137} INFO - [2023-05-31T19:49:02.255+0000] {dag.py:3437} INFO - Setting next_dagrun for extract_dag to None, run_after=None
[2023-05-31T19:49:02.300+0000] {processor.py:175} INFO - Processing /workspaces/hands-on-introduction-data-engineering-4395021/airflow/dags/extract_dag.py took 0.117 seconds
[2023-05-31T19:49:32.450+0000] {processor.py:153} INFO - Started process (PID=46205) to work on /workspaces/hands-on-introduction-data-engineering-4395021/airflow/dags/extract_dag.py
[2023-05-31T19:49:32.452+0000] {processor.py:743} INFO - Processing file /workspaces/hands-on-introduction-data-engineering-4395021/airflow/dags/extract_dag.py for tasks to queue
[2023-05-31T19:49:32.453+0000] {logging_mixin.py:137} INFO - [2023-05-31T19:49:32.452+0000] {dagbag.py:538} INFO - Filling up the DagBag from /workspaces/hands-on-introduction-data-engineering-4395021/airflow/dags/extract_dag.py
[2023-05-31T19:49:32.474+0000] {processor.py:753} INFO - DAG(s) dict_keys(['extract_dag']) retrieved from /workspaces/hands-on-introduction-data-engineering-4395021/airflow/dags/extract_dag.py
[2023-05-31T19:49:32.492+0000] {logging_mixin.py:137} INFO - [2023-05-31T19:49:32.492+0000] {dag.py:2690} INFO - Sync 1 DAGs
[2023-05-31T19:49:32.516+0000] {logging_mixin.py:137} INFO - [2023-05-31T19:49:32.516+0000] {dag.py:3437} INFO - Setting next_dagrun for extract_dag to None, run_after=None
[2023-05-31T19:49:32.558+0000] {processor.py:175} INFO - Processing /workspaces/hands-on-introduction-data-engineering-4395021/airflow/dags/extract_dag.py took 0.112 seconds
[2023-05-31T19:50:02.712+0000] {processor.py:153} INFO - Started process (PID=46528) to work on /workspaces/hands-on-introduction-data-engineering-4395021/airflow/dags/extract_dag.py
[2023-05-31T19:50:02.713+0000] {processor.py:743} INFO - Processing file /workspaces/hands-on-introduction-data-engineering-4395021/airflow/dags/extract_dag.py for tasks to queue
[2023-05-31T19:50:02.714+0000] {logging_mixin.py:137} INFO - [2023-05-31T19:50:02.714+0000] {dagbag.py:538} INFO - Filling up the DagBag from /workspaces/hands-on-introduction-data-engineering-4395021/airflow/dags/extract_dag.py
[2023-05-31T19:50:02.727+0000] {processor.py:753} INFO - DAG(s) dict_keys(['extract_dag']) retrieved from /workspaces/hands-on-introduction-data-engineering-4395021/airflow/dags/extract_dag.py
[2023-05-31T19:50:02.744+0000] {logging_mixin.py:137} INFO - [2023-05-31T19:50:02.744+0000] {dag.py:2690} INFO - Sync 1 DAGs
[2023-05-31T19:50:02.762+0000] {logging_mixin.py:137} INFO - [2023-05-31T19:50:02.762+0000] {dag.py:3437} INFO - Setting next_dagrun for extract_dag to None, run_after=None
[2023-05-31T19:50:02.806+0000] {processor.py:175} INFO - Processing /workspaces/hands-on-introduction-data-engineering-4395021/airflow/dags/extract_dag.py took 0.097 seconds
